Checking out Encounter license ...
SOC_Encounter_GXL 8.1 license checkout succeeded.
This Encounter release has been compiled with OA version 22.04-p032.
sourcing /usr/Cadence/SOC/etc/fe/rdaDSL.tcl
*******************************************************************
*   Copyright (c)  Cadence Design Systems, Inc.  1996 - 2008.     *
*                     All rights reserved.                        *
*                                                                 *
*                                                                 *
*                                                                 *
* This program contains confidential and trade secret information *
* of Cadence Design Systems, Inc. and is protected by copyright   *
* law and international treaties.  Any reproduction, use,         *
* distribution or disclosure of this program or any portion of it,*
* or any attempt to obtain a human-readable version of this       *
* program, without the express, prior written consent of          *
* Cadence Design Systems, Inc., is strictly prohibited.           *
*                                                                 *
*                 Cadence Design Systems, Inc.                    *
*                    2655 Seely Avenue                            *
*                   San Jose, CA 95134,  USA                      *
*                                                                 *
*                                                                 *
*******************************************************************

@(#)CDS: First Encounter v08.10-p004_1 (32bit) 11/04/2008 14:34 (Linux 2.6)
@(#)CDS: NanoRoute v08.10-p008 NR081027-0018/USR58-UB (database version 2.30, 67.1.1) {superthreading v1.11}
@(#)CDS: CeltIC v08.10-p002_1 (32bit) 10/23/2008 22:04:14 (Linux 2.6.9-67.0.10.ELsmp)
@(#)CDS: CTE v08.10-p016_1 (32bit) Oct 26 2008 15:11:51 (Linux 2.6.9-67.0.10.ELsmp)
@(#)CDS: CPE v08.10-p009
--- Starting "First Encounter v08.10-p004_1" on Tue Oct 29 17:46:59 2024 (mem=62.2M) ---
--- Running on localhost.localdomain (x86_64 w/Linux 2.6.32-431.29.2.el6.x86_64) ---
This version was compiled on Tue Nov 4 14:34:21 PST 2008.
Set DBUPerIGU to 1000.
Set Default Mode Total Cap Scale Factor to 1.00
Set Detail Mode Total Cap Scale Factor to 1.00
Set Coupling Total Cap Scale Factor to 1.00
Set Total Res Scale Factor to 1.00
Set net toggle Scale Factor to 1.00
Set Shrink Factor to 1.00000
<CMD_INTERNAL> setUIVar rda_Input ui_topcell SYS_TOP
<CMD_INTERNAL> setUIVar rda_Input ui_netlist /home/ahesham/Projects/System_pnr/DFT/netlists/SYS_TOP.v
<CMD_INTERNAL> setUIVar rda_Input ui_timelib,min /home/ahesham/Projects/System_pnr/std_cells/libs/scmetro_tsmc_cl013g_rvt_ff_1p32v_m40c.lib
<CMD_INTERNAL> setUIVar rda_Input ui_timelib,max /home/ahesham/Projects/System_pnr/std_cells/libs/scmetro_tsmc_cl013g_rvt_ss_1p08v_125c.lib
<CMD_INTERNAL> setUIVar rda_Input ui_timelib /home/ahesham/Projects/System_pnr/std_cells/libs/scmetro_tsmc_cl013g_rvt_tt_1p2v_25c.lib
<CMD_INTERNAL> setUIVar rda_Input ui_leffile {/home/ahesham/Projects/System_pnr/std_cells/lef/tsmc13fsg_7lm_tech.lef /home/ahesham/Projects/System_pnr/std_cells/lef/tsmc13_m_macros.lef /home/ahesham/Projects/System_pnr/pnr/import/SYS_TOP.lef}
<CMD_INTERNAL> setUIVar rda_Input ui_captbl_file /home/ahesham/Projects/System_pnr/std_cells/captables/tsmc13fsg.capTbl
<CMD_INTERNAL> setUIVar rda_Input ui_timingcon_file /home/ahesham/Projects/System_pnr/DFT/sdc/SYS_TOP.sdc
<CMD_INTERNAL> setUIVar rda_Input ui_pwrnet VDD
<CMD_INTERNAL> setUIVar rda_Input ui_gndnet VSS
<CMD> commitConfig

Loading Lef file /home/ahesham/Projects/System_pnr/std_cells/lef/tsmc13fsg_7lm_tech.lef...

Loading Lef file /home/ahesham/Projects/System_pnr/std_cells/lef/tsmc13_m_macros.lef...
Set DBUPerIGU to M2 pitch 820.
Initializing default via types and wire widths ...

Loading Lef file /home/ahesham/Projects/System_pnr/pnr/import/SYS_TOP.lef...
**WARN: (SOCLF-246):	The 'UNITS' attribute should be set
in the first lef file (technology lef). There is an attempt to set it
in subsequent lef files which will be ignored.
**WARN: (SOCLF-46):	Class CORE macro 'SYS_TOP' has no SITE statement defined.
Class CORE macros require a SITE statement. The SITE FE_CORE_0 was
created and will be used for this macro, using height 180.6000 that
matches the macro SIZE height, and width 0.4100 that matches the
m2 routing pitch. Define the site explicitly in the LEF file, to
this message in the future.

Power Planner/ViaGen version 8.1.45 promoted on 09/01/2008.
viaInitial starts at Tue Oct 29 17:47:17 2024
viaInitial ends at Tue Oct 29 17:47:17 2024
Reading netlist ...
Backslashed names will retain backslash and a trailing blank character.
Reading verilog netlist '/home/ahesham/Projects/System_pnr/DFT/netlists/SYS_TOP.v'
Inserting temporary buffers to remove assignment statements.
Non-leaf cell SYS_TOP will be treated as a leaf cell.

*** Memory Usage v0.144 (Current mem = 189.023M, initial mem = 62.238M) ***
*** End netlist parsing (cpu=0:00:00.1, real=0:00:00.0, mem=189.0M) ***
Set top cell to SYS_TOP.
Reading max timing library '/home/ahesham/Projects/System_pnr/std_cells/libs/scmetro_tsmc_cl013g_rvt_ss_1p08v_125c.lib' ...
No function defined for cell 'HOLDX1M'. The cell will only be used for analysis.
 read 618 cells in library 'scmetro_tsmc_cl013g_rvt_ss_1p08v_125c' 
Reading min timing library '/home/ahesham/Projects/System_pnr/std_cells/libs/scmetro_tsmc_cl013g_rvt_ff_1p32v_m40c.lib' ...
No function defined for cell 'HOLDX1M'. The cell will only be used for analysis.
 read 618 cells in library 'scmetro_tsmc_cl013g_rvt_ff_1p32v_m40c' 
Reading max timing library '/home/ahesham/Projects/System_pnr/std_cells/libs/scmetro_tsmc_cl013g_rvt_tt_1p2v_25c.lib' ...
No function defined for cell 'HOLDX1M'. The cell will only be used for analysis.
 read 618 cells in library 'scmetro_tsmc_cl013g_rvt_tt_1p2v_25c' 
Reading min timing library '/home/ahesham/Projects/System_pnr/std_cells/libs/scmetro_tsmc_cl013g_rvt_tt_1p2v_25c.lib' ...
No function defined for cell 'HOLDX1M'. The cell will only be used for analysis.
 read 618 cells in library 'scmetro_tsmc_cl013g_rvt_tt_1p2v_25c' 
**WARN: (SOCSYC-2):	Timing is not defined for cell SYS_TOP.
*** End library_loading (cpu=0.38min, mem=90.8M, fe_cpu=0.53min, fe_mem=279.8M) ***
Starting recursive module instantiation check.
No recursion found.
*****NEW dbFlattenCell is used.
Flattening Cell SYS_TOP ...
*** Netlist is unique.
** info: there are 2532 modules.
** info: there are 1989 stdCell insts.

*** Memory Usage v0.144 (Current mem = 280.090M, initial mem = 62.238M) ***
**ERROR: (SOCCTE-29):	**ERROR: Cannot open (for read) Timing Constraint file: "/home/ahesham/Projects/System_pnr/DFT/sdc/SYS_TOP.sdc".
Reasonfor error: No such file or directory
**ERROR: (SOCSYT-16027):	Failed to read timing constraint file /home/ahesham/Projects/System_pnr/DFT/sdc/SYS_TOP.sdc
*info - Done with setDoAssign with 32 assigns removed and 0 assigns could not be removed.
Total number of combinational cells: 433
Total number of sequential cells: 174
Total number of tristate cells: 10
Total number of level shifter cells: 0
Total number of power gating cells: 0
Total number of isolation cells: 0
Total number of power switch cells: 0
Total number of pulse generator cells: 0
Total number of always on buffers: 0
Total number of retention cells: 0
List of usable buffers: BUFX2M BUFX10M BUFX12M BUFX14M BUFX16M BUFX18M BUFX20M BUFX24M BUFX32M BUFX3M CLKBUFX1M BUFX4M BUFX5M BUFX6M BUFX8M CLKBUFX12M CLKBUFX16M CLKBUFX20M CLKBUFX24M CLKBUFX2M CLKBUFX3M CLKBUFX32M CLKBUFX40M CLKBUFX4M CLKBUFX6M CLKBUFX8M
Total number of usable buffers: 26
List of unusable buffers:
Total number of unusable buffers: 0
List of usable inverters: CLKINVX1M CLKINVX12M CLKINVX16M CLKINVX20M CLKINVX24M CLKINVX2M CLKINVX3M CLKINVX32M CLKINVX40M CLKINVX4M CLKINVX6M CLKINVX8M INVX10M INVX12M INVX14M INVX16M INVX18M INVX2M INVX1M INVX20M INVX24M INVX32M INVX4M INVX3M INVX6M INVX5M INVX8M INVXLM
Total number of usable inverters: 28
List of unusable inverters:
Total number of unusable inverters: 0
List of identified usable delay cells: DLY1X1M DLY1X4M DLY2X1M DLY2X4M DLY3X1M DLY3X4M DLY4X1M DLY4X4M
Total number of identified usable delay cells: 8
List of identified unusable delay cells:
Total number of identified unusable delay cells: 0
*info: set bottom ioPad orient R0
Set Using Default Delay Limit as 1000.
Set Default Net Delay as 1000 ps.
Set Default Net Load as 0.5 pF.
**WARN: (SOCDC-1159):	Invalid input transition time. The default 0.1ps input transition time will be used.
Set Input Pin Transition Delay as 0.1 ps.
Reading Capacitance Table File /home/ahesham/Projects/System_pnr/std_cells/captables/tsmc13fsg.capTbl ...
Cap Table was created using First Encounter 08.10-p004_1.
Process name: tsmc13fsg.
#WARNING (NRDB-21) The number of routing layer 7 in the database does not match with the value of 10 in the Extended Cap Table file.
**ERROR: (SOCSYUTIL-96):	Cannot open (for read) Timing Constraint file: "/home/ahesham/Projects/System_pnr/DFT/sdc/SYS_TOP.sdc".
Reason for error: No such file or directory.
<CMD> create_library_set -name min_library -timing "../std_cells/libs/scmetro_tsmc_cl013g_rvt_ff_1p32v_m40c.lib"
<CMD> create_library_set -name max_library -timing "../std_cells/libs/scmetro_tsmc_cl013g_rvt_ss_1p08v_125c.lib"
<CMD> create_library_set -name typ_library -timing "../std_cells/libs/scmetro_tsmc_cl013g_rvt_tt_1p2v_25c.lib"
<CMD> create_constraint_mode -name func_mode -sdc_files {../DFT/sdc/SYS_TOP_func.sdc}
<CMD> create_constraint_mode -name func_mode -sdc_files {../DFT/sdc/SYS_TOP_capture.sdc}
**ERROR: (TCLCMD-1021):	A constraint mode of name 'func_mode' already exists.
<CMD> floorPlan -d 240.47 160.47 4.0 4.0 4.0 4.0
Adjusting Core to Left to: 4.1000. Core to Bottom to: 4.1000.
 
**WARNING(APP-EM): EM limit defined by DCCURRENTDENSITY is not specified in the LEF.  Default EM limit of 2 mA/um is used for metal layer and 0.2 mA/cut is used for via layer.
**ERROR: (SOCPARA-259):	No instance is connected to net VDD. Use globalNetConnect first.
<CMD> addRing -spacing_bottom 0.5 -width_left 1 -width_bottom 1 -width_top 1 -spacing_top 0.5 -layer_bottom METAL5 -center 1 -stacked_via_top_layer METAL7 -width_right 1 -around core -jog_distance 0.205 -offset_bottom 0.205 -layer_top METAL5 -threshold 0.205 -offset_left 0.205 -spacing_right 0.5 -spacing_left 0.5 -offset_right 0.205 -offset_top 0.205 -layer_right METAL6 -nets {VSS VDD } -stacked_via_bottom_layer METAL1 -layer_left METAL6


The power planner created 8 wires.

<CMD> zoomBox -10.030 163.364 31.003 121.800
<CMD> zoomBox -1.903 162.489 13.547 135.543
<CMD> zoomBox -3.372 153.579 14.232 139.512
<CMD> verifyGeometry -noMinArea
 *** Starting Verify Geometry (MEM: 284.4) ***

  VERIFY GEOMETRY ...... Starting Verification
  VERIFY GEOMETRY ...... Initializing
  VERIFY GEOMETRY ...... Deleting Existing Violations
  VERIFY GEOMETRY ...... Creating Sub-Areas
                  ...... bin size: 8000
  VERIFY GEOMETRY ...... SubArea : 1 of 1
  VERIFY GEOMETRY ...... Cells          :  0 Viols.
  VERIFY GEOMETRY ...... SameNet        :  0 Viols.
  VERIFY GEOMETRY ...... Wiring         :  0 Viols.
  VERIFY GEOMETRY ...... Antenna        :  0 Viols.
  VERIFY GEOMETRY ...... Sub-Area : 1 complete 0 Viols. 0 Wrngs.
VG: elapsed time: 0.00
Begin Summary ...
  Cells       : 0
  SameNet     : 0
  Wiring      : 0
  Antenna     : 0
  Short       : 0
  Overlap     : 0
End Summary

  Verification Complete : 0 Viols.  0 Wrngs.

**********End: VERIFY GEOMETRY**********
 *** verify geometry (CPU: 0:00:00.1  MEM: 1.0M)

<CMD> verifyConnectivity -type all -noAntenna -error 1000 -warning 50

******** Start: VERIFY CONNECTIVITY ********
Start Time: Tue Oct 29 18:00:03 2024

Design Name: SYS_TOP
Database Units: 2000
Design Boundary: (0.0000, 0.0000) (240.4700, 160.4700)
Error Limit = 1000; Warning Limit = 50
Check all nets
Net SO[3]: Found a geometry with bounding box (240.47,80.00) (240.67,80.20) outside design boundary.
Violations for such geometries will be reported.

Begin Summary 
  Found no problems or warnings.
End Summary

End Time: Tue Oct 29 18:00:03 2024
******** End: VERIFY CONNECTIVITY ********
  Verification Complete : 0 Viols.  0 Wrngs.
  (CPU Time: 0:00:00.0  MEM: 0.000M)

<CMD> addStripe -block_ring_top_layer_limit METAL7 -max_same_layer_jog_length 0.8 -padcore_ring_bottom_layer_limit METAL5 -set_to_set_distance 60 -stacked_via_top_layer METAL7 -padcore_ring_top_layer_limit METAL7 -spacing 0.5 -merge_stripes_value 0.205 -layer METAL6 -block_ring_bottom_layer_limit METAL5 -width 1 -nets {VSS VDD } -stacked_via_bottom_layer METAL1
**WARN: (SOCPP-2008):	AddStripe option -remove_floating_stripe_over_block is ON so all fragmented stripes within a block will be removed.
  To turn OFF, setAddStripeOption -remove_floating_stripe_over_block 0.

Starting stripe generation ...
Stripe generation is complete.

The power planner created 8 wires.

<CMD> windowSelect -17.636 127.282 72.391 38.316
<CMD> deselectAll
<CMD> zoomBox -20.466 129.759 49.928 79.174
<CMD> zoomBox -5.974 114.451 10.550 107.204
<CMD> selectWire 5.6000 0.8000 6.6000 159.5900 6 VDD
<CMD> deleteSelectedFromFPlan
<CMD> selectWire 4.1000 2.3000 5.1000 158.0900 6 VSS
<CMD> deleteSelectedFromFPlan
<CMD> verifyGeometry -noMinArea
 *** Starting Verify Geometry (MEM: 286.7) ***

  VERIFY GEOMETRY ...... Starting Verification
  VERIFY GEOMETRY ...... Initializing
  VERIFY GEOMETRY ...... Deleting Existing Violations
  VERIFY GEOMETRY ...... Creating Sub-Areas
                  ...... bin size: 8000
  VERIFY GEOMETRY ...... SubArea : 1 of 1
  VERIFY GEOMETRY ...... Cells          :  0 Viols.
  VERIFY GEOMETRY ...... SameNet        :  0 Viols.
  VERIFY GEOMETRY ...... Wiring         :  0 Viols.
  VERIFY GEOMETRY ...... Antenna        :  0 Viols.
  VERIFY GEOMETRY ...... Sub-Area : 1 complete 0 Viols. 0 Wrngs.
VG: elapsed time: 0.00
Begin Summary ...
  Cells       : 0
  SameNet     : 0
  Wiring      : 0
  Antenna     : 0
  Short       : 0
  Overlap     : 0
End Summary

  Verification Complete : 0 Viols.  0 Wrngs.

**********End: VERIFY GEOMETRY**********
 *** verify geometry (CPU: 0:00:00.1  MEM: 1.0M)

<CMD> verifyConnectivity -type all -noAntenna -error 1000 -warning 50

******** Start: VERIFY CONNECTIVITY ********
Start Time: Tue Oct 29 18:06:50 2024

Design Name: SYS_TOP
Database Units: 2000
Design Boundary: (0.0000, 0.0000) (240.4700, 160.4700)
Error Limit = 1000; Warning Limit = 50
Check all nets
Net SO[3]: Found a geometry with bounding box (240.47,80.00) (240.67,80.20) outside design boundary.
Violations for such geometries will be reported.

Begin Summary 
  Found no problems or warnings.
End Summary

End Time: Tue Oct 29 18:06:50 2024
******** End: VERIFY CONNECTIVITY ********
  Verification Complete : 0 Viols.  0 Wrngs.
  (CPU Time: 0:00:00.0  MEM: 0.000M)

<CMD> saveFPlan /home/ahesham/Projects/System_pnr/pnr/SYS_TOP.fp
<CMD_INTERNAL> uiSetTool ruler
<CMD> zoomBox -7.200 138.779 26.936 113.487
<CMD_INTERNAL> uiSetTool ruler
<CMD> panPage 1 0
<CMD> panPage 1 0
<CMD> panPage 1 0
<CMD> panPage 1 0
<CMD> panPage 1 0
<CMD> panPage 1 0
<CMD> panPage -1 0
<CMD_INTERNAL> uiSetTool select
<CMD> zoomBox -13.922 121.623 48.337 61.840
<CMD> setLayerPreference hinst -isVisible 0
<CMD> setLayerPreference fence -isVisible 0
<CMD> setLayerPreference guide -isVisible 0
<CMD> setLayerPreference obstruct -isVisible 0
<CMD> setLayerPreference region -isVisible 0
<CMD> setLayerPreference screen -isVisible 0
<CMD> setLayerPreference inst -isVisible 0
<CMD> setLayerPreference stdCell -isVisible 0
<CMD> setLayerPreference coverCell -isVisible 0
<CMD> setLayerPreference block -isVisible 0
<CMD> setLayerPreference io -isVisible 0
<CMD> setLayerPreference areaIo -isVisible 0
<CMD> setLayerPreference net -isVisible 0
<CMD> setLayerPreference power -isVisible 0
<CMD> setLayerPreference term -isVisible 0
<CMD> setLayerPreference ruler -isVisible 0
<CMD> setLayerPreference text -isVisible 0
<CMD> setLayerPreference relFPlan -isVisible 0
<CMD> setLayerPreference yieldCell -isVisible 0
<CMD> setLayerPreference yieldMap -isVisible 0
<CMD> setLayerPreference sdpConnect -isVisible 0
<CMD> setLayerPreference densityMap -isVisible 0
<CMD> setLayerPreference hinst -isVisible 1
<CMD> setLayerPreference fence -isVisible 1
<CMD> setLayerPreference guide -isVisible 1
<CMD> setLayerPreference obstruct -isVisible 1
<CMD> setLayerPreference region -isVisible 1
<CMD> setLayerPreference screen -isVisible 1
<CMD> setLayerPreference inst -isVisible 1
<CMD> setLayerPreference stdCell -isVisible 1
<CMD> setLayerPreference coverCell -isVisible 1
<CMD> setLayerPreference block -isVisible 1
<CMD> setLayerPreference io -isVisible 1
<CMD> setLayerPreference areaIo -isVisible 1
<CMD> setLayerPreference net -isVisible 1
<CMD> setLayerPreference power -isVisible 1
<CMD> setLayerPreference term -isVisible 1
<CMD> setLayerPreference ruler -isVisible 1
<CMD> setLayerPreference text -isVisible 1
<CMD> setLayerPreference relFPlan -isVisible 1
<CMD> setLayerPreference yieldCell -isVisible 1
<CMD> setLayerPreference yieldMap -isVisible 1
<CMD> setLayerPreference sdpConnect -isVisible 1
<CMD> setLayerPreference densityMap -isVisible 1
<CMD> setLayerPreference hinst -isSelectable 0
<CMD> setLayerPreference fence -isSelectable 0
<CMD> setLayerPreference guide -isSelectable 0
<CMD> setLayerPreference obstruct -isSelectable 0
<CMD> setLayerPreference region -isSelectable 0
<CMD> setLayerPreference screen -isSelectable 0
<CMD> setLayerPreference inst -isSelectable 0
<CMD> setLayerPreference stdCell -isSelectable 0
<CMD> setLayerPreference coverCell -isSelectable 0
<CMD> setLayerPreference block -isSelectable 0
<CMD> setLayerPreference io -isSelectable 0
<CMD> setLayerPreference areaIo -isSelectable 0
<CMD> setLayerPreference net -isSelectable 0
<CMD> setLayerPreference power -isSelectable 0
<CMD> setLayerPreference term -isSelectable 0
<CMD> setLayerPreference ruler -isSelectable 0
<CMD> setLayerPreference text -isSelectable 0
<CMD> setLayerPreference relFPlan -isSelectable 0
<CMD> setLayerPreference yieldCell -isSelectable 0
<CMD> setLayerPreference yieldMap -isSelectable 0
<CMD> setLayerPreference sdpConnect -isSelectable 0
<CMD> setLayerPreference densityMap -isSelectable 0
<CMD> setLayerPreference hinst -isSelectable 1
<CMD> setLayerPreference fence -isSelectable 1
<CMD> setLayerPreference guide -isSelectable 1
<CMD> setLayerPreference obstruct -isSelectable 1
<CMD> setLayerPreference region -isSelectable 1
<CMD> setLayerPreference screen -isSelectable 1
<CMD> setLayerPreference inst -isSelectable 1
<CMD> setLayerPreference stdCell -isSelectable 1
<CMD> setLayerPreference coverCell -isSelectable 1
<CMD> setLayerPreference block -isSelectable 1
<CMD> setLayerPreference io -isSelectable 1
<CMD> setLayerPreference areaIo -isSelectable 1
<CMD> setLayerPreference net -isSelectable 1
<CMD> setLayerPreference power -isSelectable 1
<CMD> setLayerPreference term -isSelectable 1
<CMD> setLayerPreference ruler -isSelectable 1
<CMD> setLayerPreference text -isSelectable 1
<CMD> setLayerPreference relFPlan -isSelectable 1
<CMD> setLayerPreference yieldCell -isSelectable 1
<CMD> setLayerPreference yieldMap -isSelectable 1
<CMD> setLayerPreference sdpConnect -isSelectable 1
<CMD> setLayerPreference densityMap -isSelectable 1
<CMD> setLayerPreference hinst -isVisible 0
<CMD> setLayerPreference fence -isVisible 0
<CMD> setLayerPreference guide -isVisible 0
<CMD> setLayerPreference obstruct -isVisible 0
<CMD> setLayerPreference region -isVisible 0
<CMD> setLayerPreference screen -isVisible 0
<CMD> setLayerPreference inst -isVisible 0
<CMD> setLayerPreference stdCell -isVisible 0
<CMD> setLayerPreference coverCell -isVisible 0
<CMD> setLayerPreference block -isVisible 0
<CMD> setLayerPreference io -isVisible 0
<CMD> setLayerPreference areaIo -isVisible 0
<CMD> setLayerPreference net -isVisible 0
<CMD> setLayerPreference power -isVisible 0
<CMD> setLayerPreference term -isVisible 0
<CMD> setLayerPreference ruler -isVisible 0
<CMD> setLayerPreference text -isVisible 0
<CMD> setLayerPreference relFPlan -isVisible 0
<CMD> setLayerPreference yieldCell -isVisible 0
<CMD> setLayerPreference yieldMap -isVisible 0
<CMD> setLayerPreference sdpConnect -isVisible 0
<CMD> setLayerPreference densityMap -isVisible 0
<CMD> setLayerPreference hinst -isVisible 1
<CMD> setLayerPreference fence -isVisible 1
<CMD> setLayerPreference guide -isVisible 1
<CMD> setLayerPreference obstruct -isVisible 1
<CMD> setLayerPreference region -isVisible 1
<CMD> setLayerPreference screen -isVisible 1
<CMD> setLayerPreference inst -isVisible 1
<CMD> setLayerPreference stdCell -isVisible 1
<CMD> setLayerPreference coverCell -isVisible 1
<CMD> setLayerPreference block -isVisible 1
<CMD> setLayerPreference io -isVisible 1
<CMD> setLayerPreference areaIo -isVisible 1
<CMD> setLayerPreference net -isVisible 1
<CMD> setLayerPreference power -isVisible 1
<CMD> setLayerPreference term -isVisible 1
<CMD> setLayerPreference ruler -isVisible 1
<CMD> setLayerPreference text -isVisible 1
<CMD> setLayerPreference relFPlan -isVisible 1
<CMD> setLayerPreference yieldCell -isVisible 1
<CMD> setLayerPreference yieldMap -isVisible 1
<CMD> setLayerPreference sdpConnect -isVisible 1
<CMD> setLayerPreference densityMap -isVisible 1
<CMD> setLayerPreference hinst -isVisible 0
<CMD> setLayerPreference fence -isVisible 0
<CMD> setLayerPreference guide -isVisible 0
<CMD> setLayerPreference obstruct -isVisible 0
<CMD> setLayerPreference region -isVisible 0
<CMD> setLayerPreference screen -isVisible 0
<CMD> setLayerPreference inst -isVisible 0
<CMD> setLayerPreference stdCell -isVisible 0
<CMD> setLayerPreference coverCell -isVisible 0
<CMD> setLayerPreference block -isVisible 0
<CMD> setLayerPreference io -isVisible 0
<CMD> setLayerPreference areaIo -isVisible 0
<CMD> setLayerPreference net -isVisible 0
<CMD> setLayerPreference power -isVisible 0
<CMD> setLayerPreference term -isVisible 0
<CMD> setLayerPreference ruler -isVisible 0
<CMD> setLayerPreference text -isVisible 0
<CMD> setLayerPreference relFPlan -isVisible 0
<CMD> setLayerPreference yieldCell -isVisible 0
<CMD> setLayerPreference yieldMap -isVisible 0
<CMD> setLayerPreference sdpConnect -isVisible 0
<CMD> setLayerPreference densityMap -isVisible 0
<CMD> setLayerPreference hinst -isVisible 1
<CMD> setLayerPreference fence -isVisible 1
<CMD> setLayerPreference guide -isVisible 1
<CMD> setLayerPreference obstruct -isVisible 1
<CMD> setLayerPreference region -isVisible 1
<CMD> setLayerPreference screen -isVisible 1
<CMD> setLayerPreference inst -isVisible 1
<CMD> setLayerPreference stdCell -isVisible 1
<CMD> setLayerPreference coverCell -isVisible 1
<CMD> setLayerPreference block -isVisible 1
<CMD> setLayerPreference io -isVisible 1
<CMD> setLayerPreference areaIo -isVisible 1
<CMD> setLayerPreference net -isVisible 1
<CMD> setLayerPreference power -isVisible 1
<CMD> setLayerPreference term -isVisible 1
<CMD> setLayerPreference ruler -isVisible 1
<CMD> setLayerPreference text -isVisible 1
<CMD> setLayerPreference relFPlan -isVisible 1
<CMD> setLayerPreference yieldCell -isVisible 1
<CMD> setLayerPreference yieldMap -isVisible 1
<CMD> setLayerPreference sdpConnect -isVisible 1
<CMD> setLayerPreference densityMap -isVisible 1
<CMD> setLayerPreference hinst -isVisible 0
<CMD> setLayerPreference fence -isVisible 0
<CMD> setLayerPreference guide -isVisible 0
<CMD> setLayerPreference obstruct -isVisible 0
<CMD> setLayerPreference region -isVisible 0
<CMD> setLayerPreference screen -isVisible 0
<CMD> setLayerPreference inst -isVisible 0
<CMD> setLayerPreference stdCell -isVisible 0
<CMD> setLayerPreference coverCell -isVisible 0
<CMD> setLayerPreference block -isVisible 0
<CMD> setLayerPreference io -isVisible 0
<CMD> setLayerPreference areaIo -isVisible 0
<CMD> setLayerPreference net -isVisible 0
<CMD> setLayerPreference power -isVisible 0
<CMD> setLayerPreference term -isVisible 0
<CMD> setLayerPreference ruler -isVisible 0
<CMD> setLayerPreference text -isVisible 0
<CMD> setLayerPreference relFPlan -isVisible 0
<CMD> setLayerPreference yieldCell -isVisible 0
<CMD> setLayerPreference yieldMap -isVisible 0
<CMD> setLayerPreference sdpConnect -isVisible 0
<CMD> setLayerPreference densityMap -isVisible 0
<CMD> setLayerPreference hinst -isVisible 1
<CMD> setLayerPreference fence -isVisible 1
<CMD> setLayerPreference guide -isVisible 1
<CMD> setLayerPreference obstruct -isVisible 1
<CMD> setLayerPreference region -isVisible 1
<CMD> setLayerPreference screen -isVisible 1
<CMD> setLayerPreference inst -isVisible 1
<CMD> setLayerPreference stdCell -isVisible 1
<CMD> setLayerPreference coverCell -isVisible 1
<CMD> setLayerPreference block -isVisible 1
<CMD> setLayerPreference io -isVisible 1
<CMD> setLayerPreference areaIo -isVisible 1
<CMD> setLayerPreference net -isVisible 1
<CMD> setLayerPreference power -isVisible 1
<CMD> setLayerPreference term -isVisible 1
<CMD> setLayerPreference ruler -isVisible 1
<CMD> setLayerPreference text -isVisible 1
<CMD> setLayerPreference relFPlan -isVisible 1
<CMD> setLayerPreference yieldCell -isVisible 1
<CMD> setLayerPreference yieldMap -isVisible 1
<CMD> setLayerPreference sdpConnect -isVisible 1
<CMD> setLayerPreference densityMap -isVisible 1
<CMD> zoomBox 263.765 156.997 138.541 99.337
<CMD> sroute -connect { blockPin padPin padRing corePin floatingStripe } -layerChangeRange { 1 6 } -blockPinTarget { nearestRingStripe nearestTarget } -padPinPortConnect { allPort oneGeom } -checkAlignedSecondaryPin 1 -blockPin useLef -allowJogging 1 -crossoverViaBottomLayer 1 -allowLayerChange 1 -targetViaTopLayer 7 -crossoverViaTopLayer 7 -targetViaBottomLayer 1 -nets { VSS VDD }
No routing obstructions were found in the design.
*** Begin SPECIAL ROUTE on Tue Oct 29 18:52:41 2024 ***
Sroute/fcroute version 8.1.45 promoted on 09/01/2008.
SPECIAL ROUTE ran on directory: /home/ahesham/Projects/System_pnr/pnr
SPECIAL ROUTE ran on machine: localhost.localdomain (Linux 2.6.32-431.29.2.el6.x86_64 x86_64 2.69Ghz)

Begin option processing ...
(from .sroute_15138.conf) srouteConnectPowerBump set to false
(from .sroute_15138.conf) routeSelectNet set to "VSS VDD"
(from .sroute_15138.conf) routeSpecial set to true
(from .sroute_15138.conf) srouteCrossoverViaTopLayer set to 7
(from .sroute_15138.conf) srouteFollowCorePinEnd set to 3
(from .sroute_15138.conf) srouteFollowPadPin set to true
(from .sroute_15138.conf) srouteJogControl set to "preferWithChanges differentLayer"
(from .sroute_15138.conf) sroutePadPinAllPorts set to true
(from .sroute_15138.conf) sroutePreserveExistingRoutes set to true
(from .sroute_15138.conf) srouteTopLayerLimit set to 6
(from .sroute_15138.conf) srouteTopTargetLayerLimit set to 7
End option processing: cpu: 0:00:00, real: 0:00:00, peak: 465.00 megs.

Reading LEF technology information...
Reading floorplan and netlist information...
**WARN: (SOCSR-2508):	Illegal pin orientation. "N" is assumed.
**WARN: (SOCSR-2508):	Illegal pin orientation. "N" is assumed.
**WARN: (SOCSR-2508):	Illegal pin orientation. "N" is assumed.
**WARN: (SOCSR-2508):	Illegal pin orientation. "N" is assumed.
**WARN: (SOCSR-2508):	Illegal pin orientation. "N" is assumed.
**WARN: (SOCSR-2508):	Illegal pin orientation. "N" is assumed.
**WARN: (SOCSR-2508):	Illegal pin orientation. "N" is assumed.
Finished reading floorplan and netlist information.
   **WARN: CORE MACRO SYS_TOP has no site specification
   A total of 1 warning.
Read in 15 layers, 7 routing layers, 1 overlap layer
Read in 633 macros, 102 used
Read in 101 components
  101 core components: 101 unplaced, 0 placed, 0 fixed
Read in 19 physical pins
  19 physical pins: 0 unplaced, 0 placed, 19 fixed
Read in 19 nets
Read in 2 special nets, 2 routed
Read in 19 terminals
2 nets selected.

Begin power routing ...
**WARN: (SOCSR-554):	Top target layer is beyond top routing layer. Set top target layer to 6.
**WARN: (SOCSR-1253):	Net VDD does not have standard cells to be routed. Please check net list.
**WARN: (SOCSR-1254):	Net VDD does not have block pins to be routed. Please check net list.
**WARN: (SOCSR-1255):	Net VDD does not have pad pins to create pad ring. Please check net list or port class. (must NOT be CORE class and must not be AREAIO subclass). 
**WARN: (SOCSR-1256):	Net VDD does not have CORE class pad pins to be routed.
	Please check net list or port class.
Net VDD does not have AREAIO class pad pins to be routed.
	Please check net list or port class.
**WARN: (SOCSR-1253):	Net VSS does not have standard cells to be routed. Please check net list.
**WARN: (SOCSR-1254):	Net VSS does not have block pins to be routed. Please check net list.
**WARN: (SOCSR-1255):	Net VSS does not have pad pins to create pad ring. Please check net list or port class. (must NOT be CORE class and must not be AREAIO subclass). 
**WARN: (SOCSR-1256):	Net VSS does not have CORE class pad pins to be routed.
	Please check net list or port class.
Net VSS does not have AREAIO class pad pins to be routed.
	Please check net list or port class.
**WARN: (SOCSR-468):	No core cells defined in COMPONENTS section
 and/or   No core cells defined in SPECIALNETS VDD
**WARN: (SOCSR-468):	No core cells defined in COMPONENTS section
 and/or   No core cells defined in SPECIALNETS VDD
CPU time for FollowPin 0 seconds
**WARN: (SOCSR-468):	No core cells defined in COMPONENTS section
 and/or   No core cells defined in SPECIALNETS VSS
**WARN: (SOCSR-468):	No core cells defined in COMPONENTS section
 and/or   No core cells defined in SPECIALNETS VSS
CPU time for FollowPin 0 seconds
  Number of IO ports routed: 0
  Number of Block ports routed: 0
  Number of Stripe ports routed: 0
  Number of Core ports routed: 108
  Number of Pad ports routed: 0
  Number of Power Bump ports routed: 0
  Number of Followpin connections: 54
End power routing: cpu: 0:00:00, real: 0:00:00, peak: 475.00 megs.



 Begin updating DB with routing results ...
 Updating DB with 19 io pins ...
 Updating DB with 64 via definition ...Extracting standard cell pins and blockage ...... 
Pin and blockage extraction finished


sroute post-processing starts at Tue Oct 29 18:52:42 2024
The viaGen is rebuilding shadow vias for net VSS.
sroute post-processing ends at Tue Oct 29 18:52:42 2024

sroute post-processing starts at Tue Oct 29 18:52:42 2024
The viaGen is rebuilding shadow vias for net VDD.
sroute post-processing ends at Tue Oct 29 18:52:42 2024


sroute: Total CPU time used = 0:0:1
sroute: Total Real time used = 0:0:2
sroute: Total Memory used = 8.90 megs
sroute: Total Peak Memory used = 298.22 megs
<CMD> verifyGeometry -noMinArea
 *** Starting Verify Geometry (MEM: 298.2) ***

  VERIFY GEOMETRY ...... Starting Verification
  VERIFY GEOMETRY ...... Initializing
  VERIFY GEOMETRY ...... Deleting Existing Violations
  VERIFY GEOMETRY ...... Creating Sub-Areas
                  ...... bin size: 8000
  VERIFY GEOMETRY ...... SubArea : 1 of 1
  VERIFY GEOMETRY ...... Cells          :  0 Viols.
  VERIFY GEOMETRY ...... SameNet        :  0 Viols.
  VERIFY GEOMETRY ...... Wiring         :  0 Viols.
  VERIFY GEOMETRY ...... Antenna        :  0 Viols.
  VERIFY GEOMETRY ...... Sub-Area : 1 complete 0 Viols. 0 Wrngs.
VG: elapsed time: 0.00
Begin Summary ...
  Cells       : 0
  SameNet     : 0
  Wiring      : 0
  Antenna     : 0
  Short       : 0
  Overlap     : 0
End Summary

  Verification Complete : 0 Viols.  0 Wrngs.

**********End: VERIFY GEOMETRY**********
 *** verify geometry (CPU: 0:00:00.2  MEM: 0.0M)

<CMD> verifyConnectivity -type all -noAntenna -error 1000 -warning 50

******** Start: VERIFY CONNECTIVITY ********
Start Time: Tue Oct 29 18:53:38 2024

Design Name: SYS_TOP
Database Units: 2000
Design Boundary: (0.0000, 0.0000) (240.4700, 160.4700)
Error Limit = 1000; Warning Limit = 50
Check all nets
Net SI[3]: Found a geometry with bounding box (-0.10,120.10) (0.10,120.30) outside design boundary.
Violations for such geometries will be reported.

Begin Summary 
  Found no problems or warnings.
End Summary

End Time: Tue Oct 29 18:53:38 2024
******** End: VERIFY CONNECTIVITY ********
  Verification Complete : 0 Viols.  0 Wrngs.
  (CPU Time: 0:00:00.0  MEM: 0.000M)

<CMD> zoomBox -8.616 162.480 77.344 65.201
<CMD> zoomBox -6.721 131.971 67.456 92.104
<CMD> zoomBox -4.287 120.986 22.797 100.612
<CMD> saveFPlan /home/ahesham/Projects/System_pnr/pnr/SYS_TOP.fp
<CMD> setLayerPreference hinst -isVisible 0
<CMD> setLayerPreference fence -isVisible 0
<CMD> setLayerPreference guide -isVisible 0
<CMD> setLayerPreference obstruct -isVisible 0
<CMD> setLayerPreference region -isVisible 0
<CMD> setLayerPreference screen -isVisible 0
<CMD> setLayerPreference inst -isVisible 0
<CMD> setLayerPreference stdCell -isVisible 0
<CMD> setLayerPreference coverCell -isVisible 0
<CMD> setLayerPreference block -isVisible 0
<CMD> setLayerPreference io -isVisible 0
<CMD> setLayerPreference areaIo -isVisible 0
<CMD> setLayerPreference net -isVisible 0
<CMD> setLayerPreference power -isVisible 0
<CMD> setLayerPreference term -isVisible 0
<CMD> setLayerPreference ruler -isVisible 0
<CMD> setLayerPreference text -isVisible 0
<CMD> setLayerPreference relFPlan -isVisible 0
<CMD> setLayerPreference yieldCell -isVisible 0
<CMD> setLayerPreference yieldMap -isVisible 0
<CMD> setLayerPreference sdpConnect -isVisible 0
<CMD> setLayerPreference densityMap -isVisible 0
<CMD> setLayerPreference hinst -isVisible 1
<CMD> setLayerPreference fence -isVisible 1
<CMD> setLayerPreference guide -isVisible 1
<CMD> setLayerPreference obstruct -isVisible 1
<CMD> setLayerPreference region -isVisible 1
<CMD> setLayerPreference screen -isVisible 1
<CMD> setLayerPreference inst -isVisible 1
<CMD> setLayerPreference stdCell -isVisible 1
<CMD> setLayerPreference coverCell -isVisible 1
<CMD> setLayerPreference block -isVisible 1
<CMD> setLayerPreference io -isVisible 1
<CMD> setLayerPreference areaIo -isVisible 1
<CMD> setLayerPreference net -isVisible 1
<CMD> setLayerPreference power -isVisible 1
<CMD> setLayerPreference term -isVisible 1
<CMD> setLayerPreference ruler -isVisible 1
<CMD> setLayerPreference text -isVisible 1
<CMD> setLayerPreference relFPlan -isVisible 1
<CMD> setLayerPreference yieldCell -isVisible 1
<CMD> setLayerPreference yieldMap -isVisible 1
<CMD> setLayerPreference sdpConnect -isVisible 1
<CMD> setLayerPreference densityMap -isVisible 1
<CMD> setLayerPreference hinst -isVisible 0
<CMD> setLayerPreference fence -isVisible 0
<CMD> setLayerPreference guide -isVisible 0
<CMD> setLayerPreference obstruct -isVisible 0
<CMD> setLayerPreference region -isVisible 0
<CMD> setLayerPreference screen -isVisible 0
<CMD> setLayerPreference inst -isVisible 0
<CMD> setLayerPreference stdCell -isVisible 0
<CMD> setLayerPreference coverCell -isVisible 0
<CMD> setLayerPreference block -isVisible 0
<CMD> setLayerPreference io -isVisible 0
<CMD> setLayerPreference areaIo -isVisible 0
<CMD> setLayerPreference net -isVisible 0
<CMD> setLayerPreference power -isVisible 0
<CMD> setLayerPreference term -isVisible 0
<CMD> setLayerPreference ruler -isVisible 0
<CMD> setLayerPreference text -isVisible 0
<CMD> setLayerPreference relFPlan -isVisible 0
<CMD> setLayerPreference yieldCell -isVisible 0
<CMD> setLayerPreference yieldMap -isVisible 0
<CMD> setLayerPreference sdpConnect -isVisible 0
<CMD> setLayerPreference densityMap -isVisible 0
<CMD> setLayerPreference hinst -isVisible 1
<CMD> setLayerPreference fence -isVisible 1
<CMD> setLayerPreference guide -isVisible 1
<CMD> setLayerPreference obstruct -isVisible 1
<CMD> setLayerPreference region -isVisible 1
<CMD> setLayerPreference screen -isVisible 1
<CMD> setLayerPreference inst -isVisible 1
<CMD> setLayerPreference stdCell -isVisible 1
<CMD> setLayerPreference coverCell -isVisible 1
<CMD> setLayerPreference block -isVisible 1
<CMD> setLayerPreference io -isVisible 1
<CMD> setLayerPreference areaIo -isVisible 1
<CMD> setLayerPreference net -isVisible 1
<CMD> setLayerPreference power -isVisible 1
<CMD> setLayerPreference term -isVisible 1
<CMD> setLayerPreference ruler -isVisible 1
<CMD> setLayerPreference text -isVisible 1
<CMD> setLayerPreference relFPlan -isVisible 1
<CMD> setLayerPreference yieldCell -isVisible 1
<CMD> setLayerPreference yieldMap -isVisible 1
<CMD> setLayerPreference sdpConnect -isVisible 1
<CMD> setLayerPreference densityMap -isVisible 1
<CMD> setDrawView ameba
<CMD> setDrawView fplan
<CMD> panPage -1 0
<CMD> panPage 1 0
<CMD> panPage -1 0
<CMD> panPage 1 0
<CMD> panPage -1 0
<CMD> panPage 1 0
<CMD> panPage -1 0
<CMD> panPage 1 0
<CMD> panPage -1 0
<CMD> panPage 1 0
<CMD> panPage -1 0
<CMD> panPage 1 0
<CMD> panPage -1 0
<CMD> panPage 1 0
<CMD> panPage -1 0
<CMD> zoomOut
<CMD> zoomOut
<CMD> panPage -1 0
<CMD> panPage 1 0
<CMD> zoomBox 276.765 -31.194 -247.834 170.439
<CMD> panPage -1 0
<CMD> zoomOut
<CMD> fit
<CMD> zoomOut
<CMD> zoomOut
<CMD> zoomBox -318.052 194.847 276.235 -52.065
<CMD_INTERNAL> uiSetTool select
<CMD> zoomBox -29.913 173.440 -15.620 190.591
<CMD> setDrawView place
<CMD> setLayerPreference hinst -isVisible 0
<CMD> setLayerPreference fence -isVisible 0
<CMD> setLayerPreference guide -isVisible 0
<CMD> setLayerPreference obstruct -isVisible 0
<CMD> setLayerPreference region -isVisible 0
<CMD> setLayerPreference screen -isVisible 0
<CMD> setLayerPreference inst -isVisible 0
<CMD> setLayerPreference stdCell -isVisible 0
<CMD> setLayerPreference coverCell -isVisible 0
<CMD> setLayerPreference block -isVisible 0
<CMD> setLayerPreference io -isVisible 0
<CMD> setLayerPreference areaIo -isVisible 0
<CMD> setLayerPreference net -isVisible 0
<CMD> setLayerPreference power -isVisible 0
<CMD> setLayerPreference term -isVisible 0
<CMD> setLayerPreference ruler -isVisible 0
<CMD> setLayerPreference text -isVisible 0
<CMD> setLayerPreference relFPlan -isVisible 0
<CMD> setLayerPreference yieldCell -isVisible 0
<CMD> setLayerPreference yieldMap -isVisible 0
<CMD> setLayerPreference sdpConnect -isVisible 0
<CMD> setLayerPreference densityMap -isVisible 0
<CMD> zoomBox 253.153 145.323 205.751 63.433
<CMD> zoomBox 245.739 134.328 225.390 75.987
<CMD> zoomBox 246.174 120.824 228.228 113.108
<CMD> zoomBox 241.444 121.006 238.043 117.597
<CMD> zoomBox 240.954 120.517 239.021 118.621
<CMD> zoomBox 240.871 120.353 239.873 119.633
<CMD> selectPhyPin 240.4700 120.0000 240.6700 120.2000 3 {SO[1]}
<CMD> deselectAll
<CMD> selectPhyPin 240.4700 120.0000 240.6700 120.2000 3 {SO[1]}
<CMD> setLayerPreference hinst -isVisible 1
<CMD> setLayerPreference fence -isVisible 1
<CMD> setLayerPreference guide -isVisible 1
<CMD> setLayerPreference obstruct -isVisible 1
<CMD> setLayerPreference region -isVisible 1
<CMD> setLayerPreference screen -isVisible 1
<CMD> setLayerPreference inst -isVisible 1
<CMD> setLayerPreference stdCell -isVisible 1
<CMD> setLayerPreference coverCell -isVisible 1
<CMD> setLayerPreference block -isVisible 1
<CMD> setLayerPreference io -isVisible 1
<CMD> setLayerPreference areaIo -isVisible 1
<CMD> setLayerPreference net -isVisible 1
<CMD> setLayerPreference power -isVisible 1
<CMD> setLayerPreference term -isVisible 1
<CMD> setLayerPreference ruler -isVisible 1
<CMD> setLayerPreference text -isVisible 1
<CMD> setLayerPreference relFPlan -isVisible 1
<CMD> setLayerPreference yieldCell -isVisible 1
<CMD> setLayerPreference yieldMap -isVisible 1
<CMD> setLayerPreference sdpConnect -isVisible 1
<CMD> setLayerPreference densityMap -isVisible 1
<CMD> deselectAll
<CMD> zoomBox 246.432 146.916 208.582 32.480
<CMD> zoomBox 245.338 131.322 213.346 76.626
<CMD> zoomBox 242.632 122.937 225.971 97.343
<CMD> zoomBox -17.105 141.078 72.921 17.977
<CMD> zoomBox -9.775 124.426 32.410 64.603
<CMD> zoomBox -5.077 113.756 16.682 93.196
<CMD> zoomBox -3.231 112.912 5.524 103.270
<CMD> zoomBox -1.235 111.086 2.707 107.869
<CMD> zoomBox -0.839 110.686 0.609 109.436
<CMD> selectObject IO_Pin SE
<CMD> deselectAll
<CMD> selectPhyPin -0.1000 110.1000 0.1000 110.3000 2 SE
<CMD> deselectAll
<CMD> selectObject IO_Pin SE
<CMD> deselectAll
<CMD> zoomBox -8.085 160.358 86.010 39.024
<CMD> zoomBox -6.325 157.684 37.929 103.095
<CMD> zoomBox -4.409 153.965 10.305 141.111
<CMD> zoomBox -1.643 152.715 3.611 143.764
<CMD> zoomBox -0.976 151.091 2.136 148.069
<CMD> zoomBox 263.235 153.106 147.915 43.446
<CMD> zoomBox 253.537 148.272 197.828 108.715
<CMD> zoomBox 245.917 145.379 223.522 123.777
<CMD> zoomBox 244.817 142.716 232.219 134.643
<CMD> zoomBox 242.308 141.333 238.198 139.294
<CMD> zoomBox -15.337 118.262 73.099 0.113
<CMD> zoomBox -14.863 90.086 32.729 37.996
<CMD> zoomBox -1.584 78.603 -1.689 77.246
<CMD> zoomBox -18.166 124.806 74.514 18.154
<CMD> zoomBox -7.787 99.372 35.281 55.343
<CMD> zoomBox -6.657 89.225 9.622 65.490
<CMD> zoomBox -1.407 83.683 7.939 72.910
<CMD> zoomBox -1.252 81.189 2.051 76.234
<CMD> zoomBox -0.685 80.722 0.864 79.660
<CMD> zoomBox -16.398 108.358 45.330 15.854
<CMD> zoomBox -3.655 83.610 24.616 49.130
<CMD> zoomBox -2.562 76.182 8.252 58.320
<CMD> zoomBox -1.603 72.835 2.764 69.363
<CMD> verifyGeometry -noMinArea
 *** Starting Verify Geometry (MEM: 298.2) ***

  VERIFY GEOMETRY ...... Starting Verification
  VERIFY GEOMETRY ...... Initializing
  VERIFY GEOMETRY ...... Deleting Existing Violations
  VERIFY GEOMETRY ...... Creating Sub-Areas
                  ...... bin size: 8000
  VERIFY GEOMETRY ...... SubArea : 1 of 1
  VERIFY GEOMETRY ...... Cells          :  0 Viols.
  VERIFY GEOMETRY ...... SameNet        :  0 Viols.
  VERIFY GEOMETRY ...... Wiring         :  0 Viols.
  VERIFY GEOMETRY ...... Antenna        :  0 Viols.
  VERIFY GEOMETRY ...... Sub-Area : 1 complete 0 Viols. 0 Wrngs.
VG: elapsed time: 1.00
Begin Summary ...
  Cells       : 0
  SameNet     : 0
  Wiring      : 0
  Antenna     : 0
  Short       : 0
  Overlap     : 0
End Summary

  Verification Complete : 0 Viols.  0 Wrngs.

**********End: VERIFY GEOMETRY**********
 *** verify geometry (CPU: 0:00:00.1  MEM: 0.0M)

<CMD> verifyConnectivity -type all -noAntenna -error 1000 -warning 50

******** Start: VERIFY CONNECTIVITY ********
Start Time: Tue Oct 29 19:05:40 2024

Design Name: SYS_TOP
Database Units: 2000
Design Boundary: (0.0000, 0.0000) (240.4700, 160.4700)
Error Limit = 1000; Warning Limit = 50
Check all nets
Net SI[3]: Found a geometry with bounding box (-0.10,120.10) (0.10,120.30) outside design boundary.
Violations for such geometries will be reported.

Begin Summary 
  Found no problems or warnings.
End Summary

End Time: Tue Oct 29 19:05:40 2024
******** End: VERIFY CONNECTIVITY ********
  Verification Complete : 0 Viols.  0 Wrngs.
  (CPU Time: 0:00:00.0  MEM: 0.000M)

<CMD> setDrawView place
<CMD> setDrawView ameba
<CMD> setDrawView fplan
<CMD> selectObject Module U0_UART
<CMD> deselectAll
<CMD> setLayerPreference allM1 -isVisible 0
<CMD> setLayerPreference allM1 -isVisible 1
<CMD> setLayerPreference allM1 -isVisible 0
<CMD> setLayerPreference allM1 -isVisible 1
<CMD> setLayerPreference allM1 -isVisible 0
<CMD> zoomOut
<CMD_INTERNAL> uiSetTool move
<CMD> selectObject Module U0_UART
<CMD> setObjFPlanBox Module U0_UART 136.0165 7.53 235.238 73.7425
<CMD_INTERNAL> uiSetTool select
<CMD> zoomBox 117.671 85.365 258.283 -5.370
<CMD> deselectAll
<CMD> selectObject Module U0_UART
<CMD_INTERNAL> uiSetTool move
<CMD> setObjFPlanBox Module U0_UART 136.6655 4.515 235.8855 70.525
<CMD> setObjFPlanBox Module U0_UART 136.9845 3.7365 236.2045 69.7465
<CMD_INTERNAL> uiSetTool select
<CMD> zoomBox 131.745 75.273 247.027 -2.915
<CMD> zoomBox 132.077 73.471 242.230 -1.270
<CMD_INTERNAL> uiSetTool move
<CMD> setObjFPlanBox Module U0_UART 137.2395 4.1 236.4595 70.11
<CMD> setObjFPlanBox Module U0_UART 137.7995 4.175 236.6095 70.185
<CMD> setObjFPlanBox Module U0_UART 142.403 4.3995 241.213 70.4095
<CMD> setObjFPlanBox Module U0_UART 137.891 4.1 236.291 70.11
<CMD> setObjFPlanBox Module U0_UART 137.685 4.1 236.085 70.11
<CMD_INTERNAL> uiSetTool select
<CMD> zoomBox 246.130 -0.296 197.525 25.765
<CMD> zoomBox 242.626 1.480 228.682 8.165
<CMD> zoomBox 236.638 3.552 235.194 5.171
<CMD_INTERNAL> uiSetTool move
<CMD> setObjFPlanBox Module U0_UART 138.068 4.1015 236.468 70.1115
<CMD> setObjFPlanBox Module U0_UART 138.483 4.1015 236.473 70.1115
<CMD> setObjFPlanBox Module U0_UART 138.473 4.0985 236.463 70.1085
<CMD> setObjFPlanBox Module U0_UART 138.8785 4.108 236.4585 70.118
<CMD> setObjFPlanBox Module U0_UART 139.3145 4.1145 236.4845 70.1245
<CMD> setObjFPlanBox Module U0_UART 139.2925 4.11 236.4625 70.12
<CMD> setObjFPlanBox Module U0_UART 139.6675 4.165 236.4275 70.175
<CMD> setObjFPlanBox Module U0_UART 140.11 4.1085 236.46 70.1185
<CMD_INTERNAL> uiSetTool select
<CMD> zoomBox 253.861 46.806 110.949 103.582
<CMD> zoomBox 246.698 51.226 127.272 104.189
<CMD_INTERNAL> uiSetTool move
<CMD> setObjFPlanBox Module U0_UART 140.220 4.100 236.160 75.751
<CMD> setObjFPlanBox Module U0_UART 140.220 4.100 236.160 84.383
<CMD_INTERNAL> uiSetTool select
<CMD_INTERNAL> uiSetTool move
<CMD> setObjFPlanBox Module U0_UART -62.297 74.1405 33.643 154.5005
<CMD_INTERNAL> uiSetTool select
<CMD> panPage -1 0
<CMD> panPage 1 0
<CMD> zoomOut
<CMD_INTERNAL> uiSetTool move
<CMD> setObjFPlanBox Module U0_UART -99.4015 76.5175 -3.4615 156.8775
<CMD> setObjFPlanBox Module U0_UART 100.109 37.606 196.049 117.966
<CMD_INTERNAL> uiSetTool select
<CMD> zoomBox -37.711 184.235 285.255 -25.887
<CMD> deselectAll
<CMD> selectObject Module U0_UART
<CMD> deselectAll
<CMD> selectObject Module U0_UART
<CMD> setLayerPreference allM1 -isVisible 1
<CMD> setLayerPreference allM1 -isVisible 0
<CMD> deselectAll
<CMD> selectObject Module U0_UART
<CMD> deselectAll
<CMD> selectObject Module U0_UART
<CMD> deselectAll
<CMD> selectObject Module U0_UART
<CMD> deselectAll
<CMD> selectObject Module U0_UART
<CMD> zoomBox -19.292 117.704 29.554 62.541
<CMD> zoomBox -6.670 109.468 10.741 95.981
<CMD> zoomBox -2.512 102.332 0.771 98.711
<CMD> deselectAll
<CMD> selectObject Module U0_UART

*** Memory Usage v0.144 (Current mem = 298.219M, initial mem = 62.238M) ***
--- Ending "First Encounter" (totcpu=0:09:03, real=1:36:16, mem=298.2M) ---
