 
****************************************
check_design summary:
Version:     K-2015.06
Date:        Wed Oct 23 17:09:22 2024
****************************************

                   Name                                            Total
--------------------------------------------------------------------------------
Inputs/Outputs                                                     11
    Unconnected ports (LINT-28)                                     3
    Shorted outputs (LINT-31)                                       3
    Constant outputs (LINT-52)                                      5

Cells                                                              22
    Cells do not drive (LINT-1)                                    21
    Hier pins without driver and load (LINT-60)                     1
--------------------------------------------------------------------------------

Warning: In design 'Integer_Clock_Divider', cell 'C134' does not drive any nets. (LINT-1)
Warning: In design 'ALU_16B', cell 'C318' does not drive any nets. (LINT-1)
Warning: In design 'ALU_16B', cell 'C319' does not drive any nets. (LINT-1)
Warning: In design 'ALU_16B', cell 'C320' does not drive any nets. (LINT-1)
Warning: In design 'ALU_16B', cell 'C321' does not drive any nets. (LINT-1)
Warning: In design 'ALU_16B', cell 'C394' does not drive any nets. (LINT-1)
Warning: In design 'ALU_16B', cell 'C396' does not drive any nets. (LINT-1)
Warning: In design 'ALU_16B', cell 'C398' does not drive any nets. (LINT-1)
Warning: In design 'fifo_rd_P_SIZE4', cell 'C184' does not drive any nets. (LINT-1)
Warning: In design 'fifo_wr_P_SIZE4', cell 'C187' does not drive any nets. (LINT-1)
Warning: In design 'UART_TX_serializer', cell 'C134' does not drive any nets. (LINT-1)
Warning: In design 'UART_RX_FSM', cell 'B_11' does not drive any nets. (LINT-1)
Warning: In design 'UART_RX_FSM', cell 'B_12' does not drive any nets. (LINT-1)
Warning: In design 'UART_RX_FSM', cell 'B_13' does not drive any nets. (LINT-1)
Warning: In design 'UART_RX_FSM', cell 'C253' does not drive any nets. (LINT-1)
Warning: In design 'UART_RX_FSM', cell 'C256' does not drive any nets. (LINT-1)
Warning: In design 'UART_RX_edge_bit_counter', cell 'C79' does not drive any nets. (LINT-1)
Warning: In design 'UART_RX_data_sampling', cell 'C96' does not drive any nets. (LINT-1)
Warning: In design 'UART_RX_parity_check', cell 'C52' does not drive any nets. (LINT-1)
Warning: In design 'UART_RX_strt_check', cell 'C37' does not drive any nets. (LINT-1)
Warning: In design 'UART_RX_stop_check', cell 'C34' does not drive any nets. (LINT-1)
Warning: In design 'CLK_GATE', port 'test_en' is not connected to any nets. (LINT-28)
Warning: In design 'UART_RX_edge_bit_counter', port 'PAR_EN' is not connected to any nets. (LINT-28)
Warning: In design 'UART_RX_parity_check', port 'RX_IN' is not connected to any nets. (LINT-28)
Warning: In design 'CLKDIV_MUX', output port 'OUT[7]' is connected directly to output port 'OUT[4]'. (LINT-31)
Warning: In design 'CLKDIV_MUX', output port 'OUT[7]' is connected directly to output port 'OUT[5]'. (LINT-31)
Warning: In design 'CLKDIV_MUX', output port 'OUT[7]' is connected directly to output port 'OUT[6]'. (LINT-31)
Warning: In design 'CLKDIV_MUX', output port 'OUT[7]' is connected directly to 'logic 0'. (LINT-52)
Warning: In design 'CLKDIV_MUX', output port 'OUT[6]' is connected directly to 'logic 0'. (LINT-52)
Warning: In design 'CLKDIV_MUX', output port 'OUT[5]' is connected directly to 'logic 0'. (LINT-52)
Warning: In design 'CLKDIV_MUX', output port 'OUT[4]' is connected directly to 'logic 0'. (LINT-52)
Warning: In design 'SYS_CTRL', output port 'CLKDIV_EN' is connected directly to 'logic 1'. (LINT-52)
Warning: In design 'SYS_TOP', input pin 'test_en' of hierarchical cell 'U0_CLK_GATE' has no internal loads and is not connected to any nets. (LINT-60)
1
 
****************************************
check_design summary:
Version:     K-2015.06
Date:        Wed Oct 30 03:03:36 2024
****************************************

                   Name                                            Total
--------------------------------------------------------------------------------
Inputs/Outputs                                                     11
    Unconnected ports (LINT-28)                                     3
    Shorted outputs (LINT-31)                                       3
    Constant outputs (LINT-52)                                      5

Cells                                                              22
    Cells do not drive (LINT-1)                                    21
    Hier pins without driver and load (LINT-60)                     1
--------------------------------------------------------------------------------

Warning: In design 'Integer_Clock_Divider', cell 'C134' does not drive any nets. (LINT-1)
Warning: In design 'ALU_16B', cell 'C318' does not drive any nets. (LINT-1)
Warning: In design 'ALU_16B', cell 'C319' does not drive any nets. (LINT-1)
Warning: In design 'ALU_16B', cell 'C320' does not drive any nets. (LINT-1)
Warning: In design 'ALU_16B', cell 'C321' does not drive any nets. (LINT-1)
Warning: In design 'ALU_16B', cell 'C394' does not drive any nets. (LINT-1)
Warning: In design 'ALU_16B', cell 'C396' does not drive any nets. (LINT-1)
Warning: In design 'ALU_16B', cell 'C398' does not drive any nets. (LINT-1)
Warning: In design 'fifo_rd_P_SIZE4', cell 'C184' does not drive any nets. (LINT-1)
Warning: In design 'fifo_wr_P_SIZE4', cell 'C187' does not drive any nets. (LINT-1)
Warning: In design 'UART_TX_serializer', cell 'C134' does not drive any nets. (LINT-1)
Warning: In design 'UART_RX_FSM', cell 'B_11' does not drive any nets. (LINT-1)
Warning: In design 'UART_RX_FSM', cell 'B_12' does not drive any nets. (LINT-1)
Warning: In design 'UART_RX_FSM', cell 'B_13' does not drive any nets. (LINT-1)
Warning: In design 'UART_RX_FSM', cell 'C253' does not drive any nets. (LINT-1)
Warning: In design 'UART_RX_FSM', cell 'C256' does not drive any nets. (LINT-1)
Warning: In design 'UART_RX_edge_bit_counter', cell 'C79' does not drive any nets. (LINT-1)
Warning: In design 'UART_RX_data_sampling', cell 'C96' does not drive any nets. (LINT-1)
Warning: In design 'UART_RX_parity_check', cell 'C52' does not drive any nets. (LINT-1)
Warning: In design 'UART_RX_strt_check', cell 'C37' does not drive any nets. (LINT-1)
Warning: In design 'UART_RX_stop_check', cell 'C34' does not drive any nets. (LINT-1)
Warning: In design 'CLK_GATE', port 'test_en' is not connected to any nets. (LINT-28)
Warning: In design 'UART_RX_edge_bit_counter', port 'PAR_EN' is not connected to any nets. (LINT-28)
Warning: In design 'UART_RX_parity_check', port 'RX_IN' is not connected to any nets. (LINT-28)
Warning: In design 'CLKDIV_MUX', output port 'OUT[7]' is connected directly to output port 'OUT[4]'. (LINT-31)
Warning: In design 'CLKDIV_MUX', output port 'OUT[7]' is connected directly to output port 'OUT[5]'. (LINT-31)
Warning: In design 'CLKDIV_MUX', output port 'OUT[7]' is connected directly to output port 'OUT[6]'. (LINT-31)
Warning: In design 'CLKDIV_MUX', output port 'OUT[7]' is connected directly to 'logic 0'. (LINT-52)
Warning: In design 'CLKDIV_MUX', output port 'OUT[6]' is connected directly to 'logic 0'. (LINT-52)
Warning: In design 'CLKDIV_MUX', output port 'OUT[5]' is connected directly to 'logic 0'. (LINT-52)
Warning: In design 'CLKDIV_MUX', output port 'OUT[4]' is connected directly to 'logic 0'. (LINT-52)
Warning: In design 'SYS_CTRL', output port 'CLKDIV_EN' is connected directly to 'logic 1'. (LINT-52)
Warning: In design 'SYS_TOP', input pin 'test_en' of hierarchical cell 'U0_CLK_GATE' has no internal loads and is not connected to any nets. (LINT-60)
1
